
****** PlanAhead v14.7 (64-bit)
  **** Build 321239 by xbuild on Fri Sep 27 19:24:36 MDT 2013
    ** Copyright 1986-1999, 2001-2013 Xilinx, Inc. All Rights Reserved.

INFO: [Common 17-78] Attempting to get a license: PlanAhead
INFO: [Common 17-290] Got license for PlanAhead
INFO: [Device 21-36] Loading parts and site information from /opt/Xilinx/14.7/ISE_DS/PlanAhead/data/parts/arch.xml
Parsing RTL primitives file [/opt/Xilinx/14.7/ISE_DS/PlanAhead/data/parts/xilinx/rtl/prims/rtl_prims.xml]
Finished parsing RTL primitives file [/opt/Xilinx/14.7/ISE_DS/PlanAhead/data/parts/xilinx/rtl/prims/rtl_prims.xml]
start_gui
source /users/misc/mukundm/Desktop/Aman/cs220/codes/lab2_2/pa.fromHdl.tcl
# create_project -name lab2_2 -dir "/users/misc/mukundm/Desktop/Aman/cs220/codes/lab2_2/planAhead_run_1" -part xc3s500efg320-4
# set_param project.pinAheadLayout yes
# set srcset [get_property srcset [current_run -impl]]
# set_property target_constrs_file "eight_bit_comp.ucf" [current_fileset -constrset]
Adding file '/users/misc/mukundm/Desktop/Aman/cs220/codes/lab2_2/eight_bit_comp.ucf' to fileset 'constrs_1'
# set hdlfile [add_files [list {one_bit_comp.v}]]
# set_property file_type Verilog $hdlfile
# set_property library work $hdlfile
# set hdlfile [add_files [list {eight_bit_comp.v}]]
# set_property file_type Verilog $hdlfile
# set_property library work $hdlfile
# set_property top eight_bit_comp $srcset
# add_files [list {eight_bit_comp.ucf}] -fileset [get_property constrset [current_run]]
# open_rtl_design -part xc3s500efg320-4
Using Verific elaboration
Parsing VHDL file "/opt/Xilinx/14.7/ISE_DS/PlanAhead/data/parts/xilinx/rtl/lib/synplify/synattr.vhd" into library synplify
Analyzing Verilog file "/users/misc/mukundm/Desktop/Aman/cs220/codes/lab2_2/one_bit_comp.v" into library work
Analyzing Verilog file "/users/misc/mukundm/Desktop/Aman/cs220/codes/lab2_2/eight_bit_comp.v" into library work
INFO: [Designutils 20-910] Reading macro library /opt/Xilinx/14.7/ISE_DS/PlanAhead/data/./parts/xilinx/spartan3e/spartan3e/hd_int_macros.edn
Parsing EDIF File [/opt/Xilinx/14.7/ISE_DS/PlanAhead/data/./parts/xilinx/spartan3e/spartan3e/hd_int_macros.edn]
Finished Parsing EDIF File [/opt/Xilinx/14.7/ISE_DS/PlanAhead/data/./parts/xilinx/spartan3e/spartan3e/hd_int_macros.edn]
Loading clock regions from /opt/Xilinx/14.7/ISE_DS/PlanAhead/data/parts/xilinx/spartan3e/spartan3e/xc3s500e/ClockRegion.xml
Loading clock buffers from /opt/Xilinx/14.7/ISE_DS/PlanAhead/data/parts/xilinx/spartan3e/spartan3e/xc3s500e/ClockBuffers.xml
Loading package from /opt/Xilinx/14.7/ISE_DS/PlanAhead/data/parts/xilinx/spartan3e/spartan3e/xc3s500e/fg320/Package.xml
Loading io standards from /opt/Xilinx/14.7/ISE_DS/PlanAhead/data/./parts/xilinx/spartan3e/IOStandards.xml
INFO: [Device 21-19] Loading pkg sso from /opt/Xilinx/14.7/ISE_DS/PlanAhead/data/parts/xilinx/spartan3e/spartan3e/xc3s500e/fg320/SSORules.xml
Loading list of drcs for the architecture : /opt/Xilinx/14.7/ISE_DS/PlanAhead/data/./parts/xilinx/spartan3e/spartan3e/drc.xml
INFO: [Timing 38-77] Reading timing library /opt/Xilinx/14.7/ISE_DS/PlanAhead/data/parts/xilinx/spartan3e/spartan3e/spartan3e-4.lib.
INFO: [Timing 38-34] Done reading timing library /opt/Xilinx/14.7/ISE_DS/PlanAhead/data/parts/xilinx/spartan3e/spartan3e/spartan3e-4.lib.
Parsing UCF File [/users/misc/mukundm/Desktop/Aman/cs220/codes/lab2_2/eight_bit_comp.ucf]
Finished Parsing UCF File [/users/misc/mukundm/Desktop/Aman/cs220/codes/lab2_2/eight_bit_comp.ucf]
INFO: [Project 1-111] Unisim Transformation Summary:
No Unisim elements were transformed.

Phase 0 | Netlist Checksum: d1670248
open_rtl_design: Time (s): cpu = 00:00:18 ; elapsed = 00:00:08 . Memory (MB): peak = 2842.078 ; gain = 110.277
update_compile_order -fileset sim_1
set_property iostandard LVTTL [get_ports [list {x[3]} {x[2]} {x[1]} {x[0]}]]
startgroup
set_property package_pin N17 [get_ports {x[3]}]
endgroup
startgroup
set_property package_pin H18 [get_ports {x[2]}]
endgroup
startgroup
set_property package_pin L14 [get_ports {x[1]}]
endgroup
startgroup
set_property package_pin L13 [get_ports {x[0]}]
endgroup
set_property pulltype PULLUP [get_ports [list {x[3]}]]
set_property pulltype PULLUP [get_ports [list {x[2]}]]
set_property pulltype PULLUP [get_ports [list {x[1]}]]
set_property pulltype PULLUP [get_ports [list {x[0]}]]
set_property package_pin "" [get_ports [list  pb1]]
set_property iostandard LVCMOS25 [get_ports [list pb1]]
set_property iostandard LVTTL [get_ports [list pb1]]
startgroup
set_property package_pin D18 [get_ports pb1]
endgroup
startgroup
set_property package_pin V4 [get_ports pb2]
endgroup
startgroup
set_property package_pin H13 [get_ports pb3]
endgroup
startgroup
set_property package_pin K17 [get_ports pb4]
endgroup
set_property iostandard LVTTL [get_ports [list pb2]]
set_property iostandard LVTTL [get_ports [list pb3]]
set_property iostandard LVTTL [get_ports [list pb4]]
set_property pulltype PULLDOWN [get_ports [list pb1]]
set_property pulltype PULLDOWN [get_ports [list pb2]]
set_property pulltype PULLDOWN [get_ports [list pb3]]
set_property pulltype PULLDOWN [get_ports [list pb4]]
startgroup
set_property package_pin F12 [get_ports lower]
endgroup
startgroup
set_property package_pin E12 [get_ports greater]
endgroup
startgroup
set_property package_pin E11 [get_ports equal]
endgroup
set_property iostandard LVTTL [get_ports [list equal]]
set_property iostandard LVTTL [get_ports [list greater]]
set_property iostandard LVTTL [get_ports [list lower]]
set_property drive 8 [get_ports [list equal]]
set_property drive 8 [get_ports [list greater]]
set_property drive 8 [get_ports [list lower]]
save_constraints
exit
ERROR: [Common 17-39] 'stop_gui' failed due to earlier errors.
INFO: [Common 17-206] Exiting PlanAhead at Mon Jan 29 14:47:26 2018...
INFO: [Common 17-83] Releasing license: PlanAhead
