Running: /opt/Xilinx/14.7/ISE_DS/ISE/bin/lin64/unwrapped/fuse -intstyle ise -incremental -lib unisims_ver -lib unimacro_ver -lib xilinxcorelib_ver -o /home/ubermensch/Academics/sems/sem8/cs220/cs220/codes/lab_3_2/ripple_LED_top_isim_beh.exe -prj /home/ubermensch/Academics/sems/sem8/cs220/cs220/codes/lab_3_2/ripple_LED_top_beh.prj work.ripple_LED_top work.glbl 
ISim P.20131013 (signature 0xfbc00daa)
Number of CPUs detected in this system: 4
Turning on mult-threading, number of parallel sub-compilation jobs: 8 
Determining compilation order of HDL files
Analyzing Verilog file "/home/ubermensch/Academics/sems/sem8/cs220/cs220/codes/lab_3_2/ripple_LED.v" into library work
Analyzing Verilog file "/home/ubermensch/Academics/sems/sem8/cs220/cs220/codes/lab_3_2/ripple_LED_top.v" into library work
Analyzing Verilog file "/opt/Xilinx/14.7/ISE_DS/ISE//verilog/src/glbl.v" into library work
Starting static elaboration
Completed static elaboration
Fuse Memory Usage: 94688 KB
Fuse CPU Usage: 1340 ms
Compiling module ripple_LED
Compiling module ripple_LED_top
Compiling module glbl
Time Resolution for simulation is 1ps.
Waiting for 3 sub-compilation(s) to finish...
Compiled 3 Verilog Units
Built simulation executable /home/ubermensch/Academics/sems/sem8/cs220/cs220/codes/lab_3_2/ripple_LED_top_isim_beh.exe
Fuse Memory Usage: 654860 KB
Fuse CPU Usage: 1340 ms
GCC CPU Usage: 270 ms
