Release 14.7 - xst P.20131013 (lin64)
Copyright (c) 1995-2013 Xilinx, Inc.  All rights reserved.
--> 
Parameter TMPDIR set to xst/projnav.tmp


Total REAL time to Xst completion: 0.00 secs
Total CPU time to Xst completion: 0.07 secs
 
--> 
Parameter xsthdpdir set to xst


Total REAL time to Xst completion: 0.00 secs
Total CPU time to Xst completion: 0.07 secs
 
--> 
Reading design: five_input_adder.prj

TABLE OF CONTENTS
  1) Synthesis Options Summary
  2) HDL Compilation
  3) Design Hierarchy Analysis
  4) HDL Analysis
  5) HDL Synthesis
     5.1) HDL Synthesis Report
  6) Advanced HDL Synthesis
     6.1) Advanced HDL Synthesis Report
  7) Low Level Synthesis
  8) Partition Report
  9) Final Report
	9.1) Device utilization summary
	9.2) Partition Resource Summary
	9.3) TIMING REPORT


=========================================================================
*                      Synthesis Options Summary                        *
=========================================================================
---- Source Parameters
Input File Name                    : "five_input_adder.prj"
Input Format                       : mixed
Ignore Synthesis Constraint File   : NO

---- Target Parameters
Output File Name                   : "five_input_adder"
Output Format                      : NGC
Target Device                      : xc3s500e-4-fg320

---- Source Options
Top Module Name                    : five_input_adder
Automatic FSM Extraction           : YES
FSM Encoding Algorithm             : Auto
Safe Implementation                : No
FSM Style                          : LUT
RAM Extraction                     : Yes
RAM Style                          : Auto
ROM Extraction                     : Yes
Mux Style                          : Auto
Decoder Extraction                 : YES
Priority Encoder Extraction        : Yes
Shift Register Extraction          : YES
Logical Shifter Extraction         : YES
XOR Collapsing                     : YES
ROM Style                          : Auto
Mux Extraction                     : Yes
Resource Sharing                   : YES
Asynchronous To Synchronous        : NO
Multiplier Style                   : Auto
Automatic Register Balancing       : No

---- Target Options
Add IO Buffers                     : YES
Global Maximum Fanout              : 100000
Add Generic Clock Buffer(BUFG)     : 24
Register Duplication               : YES
Slice Packing                      : YES
Optimize Instantiated Primitives   : NO
Use Clock Enable                   : Yes
Use Synchronous Set                : Yes
Use Synchronous Reset              : Yes
Pack IO Registers into IOBs        : Auto
Equivalent register Removal        : YES

---- General Options
Optimization Goal                  : Speed
Optimization Effort                : 1
Keep Hierarchy                     : No
Netlist Hierarchy                  : As_Optimized
RTL Output                         : Yes
Global Optimization                : AllClockNets
Read Cores                         : YES
Write Timing Constraints           : NO
Cross Clock Analysis               : NO
Hierarchy Separator                : /
Bus Delimiter                      : <>
Case Specifier                     : Maintain
Slice Utilization Ratio            : 100
BRAM Utilization Ratio             : 100
Verilog 2001                       : YES
Auto BRAM Packing                  : NO
Slice Utilization Ratio Delta      : 5

=========================================================================


=========================================================================
*                          HDL Compilation                              *
=========================================================================
Compiling verilog file "full_adder.v" in library work
Compiling verilog file "six_bit_adder.v" in library work
Module <full_adder> compiled
Compiling verilog file "four_bit_adder.v" in library work
Module <six_bit_adder> compiled
Compiling verilog file "five_bit_adder.v" in library work
Module <four_bit_adder> compiled
Compiling verilog file "five_input_adder.v" in library work
Module <five_bit_adder> compiled
Module <five_input_adder> compiled
No errors in compilation
Analysis of file <"five_input_adder.prj"> succeeded.
 

=========================================================================
*                     Design Hierarchy Analysis                         *
=========================================================================
Analyzing hierarchy for module <five_input_adder> in library <work>.

Analyzing hierarchy for module <four_bit_adder> in library <work>.

Analyzing hierarchy for module <five_bit_adder> in library <work>.

Analyzing hierarchy for module <six_bit_adder> in library <work>.

Analyzing hierarchy for module <full_adder> in library <work>.


=========================================================================
*                            HDL Analysis                               *
=========================================================================
Analyzing top module <five_input_adder>.
Module <five_input_adder> is correct for synthesis.
 
Analyzing module <four_bit_adder> in library <work>.
Module <four_bit_adder> is correct for synthesis.
 
Analyzing module <full_adder> in library <work>.
Module <full_adder> is correct for synthesis.
 
Analyzing module <five_bit_adder> in library <work>.
Module <five_bit_adder> is correct for synthesis.
 
Analyzing module <six_bit_adder> in library <work>.
Module <six_bit_adder> is correct for synthesis.
 

=========================================================================
*                           HDL Synthesis                               *
=========================================================================

Performing bidirectional port resolution...

Synthesizing Unit <full_adder>.
    Related source file is "full_adder.v".
    Found 1-bit xor3 for signal <sum>.
    Summary:
	inferred   1 Xor(s).
Unit <full_adder> synthesized.


Synthesizing Unit <four_bit_adder>.
    Related source file is "four_bit_adder.v".
Unit <four_bit_adder> synthesized.


Synthesizing Unit <five_bit_adder>.
    Related source file is "five_bit_adder.v".
Unit <five_bit_adder> synthesized.


Synthesizing Unit <six_bit_adder>.
    Related source file is "six_bit_adder.v".
Unit <six_bit_adder> synthesized.


Synthesizing Unit <five_input_adder>.
    Related source file is "five_input_adder.v".
WARNING:Xst:1780 - Signal <carry0> is never used or assigned. This unconnected signal will be trimmed during the optimization process.
    Found 4-bit register for signal <a>.
    Found 4-bit register for signal <b>.
    Found 4-bit register for signal <c>.
    Found 4-bit register for signal <d>.
    Found 4-bit register for signal <six_bit_typecast_e<3:0>>.
    Summary:
	inferred  20 D-type flip-flop(s).
Unit <five_input_adder> synthesized.


=========================================================================
HDL Synthesis Report

Macro Statistics
# Registers                                            : 8
 1-bit register                                        : 4
 4-bit register                                        : 4
# Xors                                                 : 19
 1-bit xor3                                            : 19

=========================================================================

=========================================================================
*                       Advanced HDL Synthesis                          *
=========================================================================


=========================================================================
Advanced HDL Synthesis Report

Macro Statistics
# Registers                                            : 20
 Flip-Flops                                            : 20
# Xors                                                 : 19
 1-bit xor3                                            : 19

=========================================================================

=========================================================================
*                         Low Level Synthesis                           *
=========================================================================

Optimizing unit <five_input_adder> ...

Mapping all equations...
Building and optimizing final netlist ...
Found area constraint ratio of 100 (+ 5) on block five_input_adder, actual ratio is 0.
FlipFlop a_3 has been replicated 1 time(s) to handle iob=true attribute.
FlipFlop a_2 has been replicated 1 time(s) to handle iob=true attribute.
FlipFlop a_1 has been replicated 1 time(s) to handle iob=true attribute.
FlipFlop a_0 has been replicated 1 time(s) to handle iob=true attribute.
FlipFlop b_3 has been replicated 1 time(s) to handle iob=true attribute.
FlipFlop b_2 has been replicated 1 time(s) to handle iob=true attribute.
FlipFlop b_1 has been replicated 1 time(s) to handle iob=true attribute.
FlipFlop b_0 has been replicated 1 time(s) to handle iob=true attribute.
FlipFlop c_3 has been replicated 1 time(s) to handle iob=true attribute.
FlipFlop c_2 has been replicated 1 time(s) to handle iob=true attribute.
FlipFlop c_1 has been replicated 1 time(s) to handle iob=true attribute.
FlipFlop c_0 has been replicated 1 time(s) to handle iob=true attribute.
FlipFlop d_3 has been replicated 1 time(s) to handle iob=true attribute.
FlipFlop d_2 has been replicated 1 time(s) to handle iob=true attribute.
FlipFlop d_1 has been replicated 1 time(s) to handle iob=true attribute.
FlipFlop d_0 has been replicated 1 time(s) to handle iob=true attribute.

Final Macro Processing ...

=========================================================================
Final Register Report

Macro Statistics
# Registers                                            : 36
 Flip-Flops                                            : 36

=========================================================================

=========================================================================
*                           Partition Report                            *
=========================================================================

Partition Implementation Status
-------------------------------

  No Partitions were found in this design.

-------------------------------

=========================================================================
*                            Final Report                               *
=========================================================================
Final Results
RTL Top Level Output File Name     : five_input_adder.ngr
Top Level Output File Name         : five_input_adder
Output Format                      : NGC
Optimization Goal                  : Speed
Keep Hierarchy                     : No

Design Statistics
# IOs                              : 36

Cell Usage :
# BELS                             : 30
#      LUT2                        : 1
#      LUT3                        : 18
#      LUT4                        : 11
# FlipFlops/Latches                : 36
#      FD                          : 36
# Clock Buffers                    : 5
#      BUFGP                       : 5
# IO Buffers                       : 31
#      IBUF                        : 4
#      OBUF                        : 27
=========================================================================

Device utilization summary:
---------------------------

Selected Device : 3s500efg320-4 

 Number of Slices:                       17  out of   4656     0%  
 Number of Slice Flip Flops:             20  out of   9312     0%  
 Number of 4 input LUTs:                 30  out of   9312     0%  
 Number of IOs:                          36
 Number of bonded IOBs:                  36  out of    232    15%  
    IOB Flip Flops:                      16
 Number of GCLKs:                         5  out of     24    20%  

---------------------------
Partition Resource Summary:
---------------------------

  No Partitions were found in this design.

---------------------------


=========================================================================
TIMING REPORT

NOTE: THESE TIMING NUMBERS ARE ONLY A SYNTHESIS ESTIMATE.
      FOR ACCURATE TIMING INFORMATION PLEASE REFER TO THE TRACE REPORT
      GENERATED AFTER PLACE-and-ROUTE.

Clock Information:
------------------
-----------------------------------+------------------------+-------+
Clock Signal                       | Clock buffer(FF name)  | Load  |
-----------------------------------+------------------------+-------+
pb2                                | BUFGP                  | 8     |
pb1                                | BUFGP                  | 8     |
pbr                                | BUFGP                  | 4     |
pb3                                | BUFGP                  | 8     |
pb4                                | BUFGP                  | 8     |
-----------------------------------+------------------------+-------+

Asynchronous Control Signals Information:
----------------------------------------
No asynchronous control signals found in this design

Timing Summary:
---------------
Speed Grade: -4

   Minimum period: No path found
   Minimum input arrival time before clock: 2.408ns
   Maximum output required time after clock: 12.131ns
   Maximum combinational path delay: 5.372ns

Timing Detail:
--------------
All values displayed in nanoseconds (ns)

=========================================================================
Timing constraint: Default OFFSET IN BEFORE for Clock 'pb2'
  Total number of paths / destination ports: 8 / 8
-------------------------------------------------------------------------
Offset:              2.408ns (Levels of Logic = 1)
  Source:            x<0> (PAD)
  Destination:       b_0 (FF)
  Destination Clock: pb2 rising

  Data Path: x<0> to b_0
                                Gate     Net
    Cell:in->out      fanout   Delay   Delay  Logical Name (Net Name)
    ----------------------------------------  ------------
     IBUF:I->O            10   1.218   0.882  x_0_IBUF (e_0_OBUF)
     FD:D                      0.308          b_0
    ----------------------------------------
    Total                      2.408ns (1.526ns logic, 0.882ns route)
                                       (63.4% logic, 36.6% route)

=========================================================================
Timing constraint: Default OFFSET IN BEFORE for Clock 'pb1'
  Total number of paths / destination ports: 8 / 8
-------------------------------------------------------------------------
Offset:              2.408ns (Levels of Logic = 1)
  Source:            x<0> (PAD)
  Destination:       a_0 (FF)
  Destination Clock: pb1 rising

  Data Path: x<0> to a_0
                                Gate     Net
    Cell:in->out      fanout   Delay   Delay  Logical Name (Net Name)
    ----------------------------------------  ------------
     IBUF:I->O            10   1.218   0.882  x_0_IBUF (e_0_OBUF)
     FD:D                      0.308          a_0
    ----------------------------------------
    Total                      2.408ns (1.526ns logic, 0.882ns route)
                                       (63.4% logic, 36.6% route)

=========================================================================
Timing constraint: Default OFFSET IN BEFORE for Clock 'pbr'
  Total number of paths / destination ports: 4 / 4
-------------------------------------------------------------------------
Offset:              2.408ns (Levels of Logic = 1)
  Source:            x<3> (PAD)
  Destination:       six_bit_typecast_e_3 (FF)
  Destination Clock: pbr rising

  Data Path: x<3> to six_bit_typecast_e_3
                                Gate     Net
    Cell:in->out      fanout   Delay   Delay  Logical Name (Net Name)
    ----------------------------------------  ------------
     IBUF:I->O            10   1.218   0.882  x_3_IBUF (e_3_OBUF)
     FD:D                      0.308          six_bit_typecast_e_3
    ----------------------------------------
    Total                      2.408ns (1.526ns logic, 0.882ns route)
                                       (63.4% logic, 36.6% route)

=========================================================================
Timing constraint: Default OFFSET IN BEFORE for Clock 'pb3'
  Total number of paths / destination ports: 8 / 8
-------------------------------------------------------------------------
Offset:              2.408ns (Levels of Logic = 1)
  Source:            x<0> (PAD)
  Destination:       c_0 (FF)
  Destination Clock: pb3 rising

  Data Path: x<0> to c_0
                                Gate     Net
    Cell:in->out      fanout   Delay   Delay  Logical Name (Net Name)
    ----------------------------------------  ------------
     IBUF:I->O            10   1.218   0.882  x_0_IBUF (e_0_OBUF)
     FD:D                      0.308          c_0
    ----------------------------------------
    Total                      2.408ns (1.526ns logic, 0.882ns route)
                                       (63.4% logic, 36.6% route)

=========================================================================
Timing constraint: Default OFFSET IN BEFORE for Clock 'pb4'
  Total number of paths / destination ports: 8 / 8
-------------------------------------------------------------------------
Offset:              2.408ns (Levels of Logic = 1)
  Source:            x<0> (PAD)
  Destination:       d_0 (FF)
  Destination Clock: pb4 rising

  Data Path: x<0> to d_0
                                Gate     Net
    Cell:in->out      fanout   Delay   Delay  Logical Name (Net Name)
    ----------------------------------------  ------------
     IBUF:I->O            10   1.218   0.882  x_0_IBUF (e_0_OBUF)
     FD:D                      0.308          d_0
    ----------------------------------------
    Total                      2.408ns (1.526ns logic, 0.882ns route)
                                       (63.4% logic, 36.6% route)

=========================================================================
Timing constraint: Default OFFSET OUT AFTER for Clock 'pb1'
  Total number of paths / destination ports: 141 / 11
-------------------------------------------------------------------------
Offset:              12.131ns (Levels of Logic = 7)
  Source:            a_0 (FF)
  Destination:       carry (PAD)
  Source Clock:      pb1 rising

  Data Path: a_0 to carry
                                Gate     Net
    Cell:in->out      fanout   Delay   Delay  Logical Name (Net Name)
    ----------------------------------------  ------------
     FD:C->Q               4   0.591   0.666  a_0 (a_0)
     LUT4:I1->O            2   0.704   0.526  FrB0/FA1/cout1 (FrB0/carry0<1>)
     LUT3:I1->O            2   0.704   0.482  FrB0/FA2/cout1 (FrB0/carry0<2>)
     LUT3:I2->O            2   0.704   0.622  FrB0/FA3/Mxor_sum_xo<0>1 (five_bit_out_x<3>)
     LUT3:I0->O            2   0.704   0.622  FvB1/FA3/Mxor_sum_xo<0>1 (six_bit_out_xy<3>)
     LUT3:I0->O            3   0.704   0.706  SB/FA3/cout1 (SB/carry0<3>)
     LUT4:I0->O            1   0.704   0.420  SB/FA5/cout_and00011 (carry_OBUF)
     OBUF:I->O                 3.272          carry_OBUF (carry)
    ----------------------------------------
    Total                     12.131ns (8.087ns logic, 4.044ns route)
                                       (66.7% logic, 33.3% route)

=========================================================================
Timing constraint: Default OFFSET OUT AFTER for Clock 'pb2'
  Total number of paths / destination ports: 141 / 11
-------------------------------------------------------------------------
Offset:              12.087ns (Levels of Logic = 7)
  Source:            b_0 (FF)
  Destination:       carry (PAD)
  Source Clock:      pb2 rising

  Data Path: b_0 to carry
                                Gate     Net
    Cell:in->out      fanout   Delay   Delay  Logical Name (Net Name)
    ----------------------------------------  ------------
     FD:C->Q               4   0.591   0.622  b_0 (b_0)
     LUT4:I2->O            2   0.704   0.526  FrB0/FA1/cout1 (FrB0/carry0<1>)
     LUT3:I1->O            2   0.704   0.482  FrB0/FA2/cout1 (FrB0/carry0<2>)
     LUT3:I2->O            2   0.704   0.622  FrB0/FA3/Mxor_sum_xo<0>1 (five_bit_out_x<3>)
     LUT3:I0->O            2   0.704   0.622  FvB1/FA3/Mxor_sum_xo<0>1 (six_bit_out_xy<3>)
     LUT3:I0->O            3   0.704   0.706  SB/FA3/cout1 (SB/carry0<3>)
     LUT4:I0->O            1   0.704   0.420  SB/FA5/cout_and00011 (carry_OBUF)
     OBUF:I->O                 3.272          carry_OBUF (carry)
    ----------------------------------------
    Total                     12.087ns (8.087ns logic, 4.000ns route)
                                       (66.9% logic, 33.1% route)

=========================================================================
Timing constraint: Default OFFSET OUT AFTER for Clock 'pb3'
  Total number of paths / destination ports: 141 / 11
-------------------------------------------------------------------------
Offset:              12.131ns (Levels of Logic = 7)
  Source:            c_0 (FF)
  Destination:       carry (PAD)
  Source Clock:      pb3 rising

  Data Path: c_0 to carry
                                Gate     Net
    Cell:in->out      fanout   Delay   Delay  Logical Name (Net Name)
    ----------------------------------------  ------------
     FD:C->Q               4   0.591   0.762  c_0 (c_0)
     LUT4:I0->O            2   0.704   0.526  FvB1/FA0/cout_and00001 (FvB1/FA0/cout_and0000)
     LUT3:I1->O            2   0.704   0.526  FvB1/FA1/cout1 (FvB1/carry0<1>)
     LUT3:I1->O            2   0.704   0.482  FvB1/FA2/cout1 (FvB1/carry0<2>)
     LUT3:I2->O            2   0.704   0.622  FvB1/FA3/Mxor_sum_xo<0>1 (six_bit_out_xy<3>)
     LUT3:I0->O            3   0.704   0.706  SB/FA3/cout1 (SB/carry0<3>)
     LUT4:I0->O            1   0.704   0.420  SB/FA5/cout_and00011 (carry_OBUF)
     OBUF:I->O                 3.272          carry_OBUF (carry)
    ----------------------------------------
    Total                     12.131ns (8.087ns logic, 4.044ns route)
                                       (66.7% logic, 33.3% route)

=========================================================================
Timing constraint: Default OFFSET OUT AFTER for Clock 'pb4'
  Total number of paths / destination ports: 141 / 11
-------------------------------------------------------------------------
Offset:              12.087ns (Levels of Logic = 7)
  Source:            d_1 (FF)
  Destination:       carry (PAD)
  Source Clock:      pb4 rising

  Data Path: d_1 to carry
                                Gate     Net
    Cell:in->out      fanout   Delay   Delay  Logical Name (Net Name)
    ----------------------------------------  ------------
     FD:C->Q               2   0.591   0.622  d_1 (d_1)
     LUT4:I0->O            2   0.704   0.622  FrB1/FA1/Mxor_sum_xo<0>1 (five_bit_out_y<1>)
     LUT3:I0->O            2   0.704   0.526  FvB1/FA1/cout1 (FvB1/carry0<1>)
     LUT3:I1->O            2   0.704   0.482  FvB1/FA2/cout1 (FvB1/carry0<2>)
     LUT3:I2->O            2   0.704   0.622  FvB1/FA3/Mxor_sum_xo<0>1 (six_bit_out_xy<3>)
     LUT3:I0->O            3   0.704   0.706  SB/FA3/cout1 (SB/carry0<3>)
     LUT4:I0->O            1   0.704   0.420  SB/FA5/cout_and00011 (carry_OBUF)
     OBUF:I->O                 3.272          carry_OBUF (carry)
    ----------------------------------------
    Total                     12.087ns (8.087ns logic, 4.000ns route)
                                       (66.9% logic, 33.1% route)

=========================================================================
Timing constraint: Default OFFSET OUT AFTER for Clock 'pbr'
  Total number of paths / destination ports: 22 / 7
-------------------------------------------------------------------------
Offset:              9.335ns (Levels of Logic = 5)
  Source:            six_bit_typecast_e_0 (FF)
  Destination:       carry (PAD)
  Source Clock:      pbr rising

  Data Path: six_bit_typecast_e_0 to carry
                                Gate     Net
    Cell:in->out      fanout   Delay   Delay  Logical Name (Net Name)
    ----------------------------------------  ------------
     FD:C->Q               3   0.591   0.566  six_bit_typecast_e_0 (six_bit_typecast_e_0)
     LUT4:I2->O            2   0.704   0.482  SB/FA1/cout1 (SB/carry0<1>)
     LUT3:I2->O            2   0.704   0.482  SB/FA2/cout1 (SB/carry0<2>)
     LUT3:I2->O            3   0.704   0.706  SB/FA3/cout1 (SB/carry0<3>)
     LUT4:I0->O            1   0.704   0.420  SB/FA5/cout_and00011 (carry_OBUF)
     OBUF:I->O                 3.272          carry_OBUF (carry)
    ----------------------------------------
    Total                      9.335ns (6.679ns logic, 2.656ns route)
                                       (71.5% logic, 28.5% route)

=========================================================================
Timing constraint: Default path analysis
  Total number of paths / destination ports: 4 / 4
-------------------------------------------------------------------------
Delay:               5.372ns (Levels of Logic = 2)
  Source:            x<3> (PAD)
  Destination:       e<3> (PAD)

  Data Path: x<3> to e<3>
                                Gate     Net
    Cell:in->out      fanout   Delay   Delay  Logical Name (Net Name)
    ----------------------------------------  ------------
     IBUF:I->O            10   1.218   0.882  x_3_IBUF (e_3_OBUF)
     OBUF:I->O                 3.272          e_3_OBUF (e<3>)
    ----------------------------------------
    Total                      5.372ns (4.490ns logic, 0.882ns route)
                                       (83.6% logic, 16.4% route)

=========================================================================


Total REAL time to Xst completion: 8.00 secs
Total CPU time to Xst completion: 6.85 secs
 
--> 


Total memory usage is 516764 kilobytes

Number of errors   :    0 (   0 filtered)
Number of warnings :    1 (   0 filtered)
Number of infos    :    0 (   0 filtered)

