Command line:
   full_adder_top_isim_beh.exe
     -simmode  gui
     -simrunnum  0
     -socket  39515

Sun Jan 28 22:05:39 2018


 Elaboration Time: 0.02 sec

 Current Memory Usage: 196.248 Meg

 Total Signals          : 20
 Total Nets             : 18
 Total Signal Drivers   : 10
 Total Blocks           : 3
 Total Primitive Blocks : 2
 Total Processes        : 13
 Total Traceable Variables  : 21
 Total Scalar Nets and Variables : 101
Total Line Count : 28

 Total Simulation Time: 0.03 sec

 Current Memory Usage: 271.749 Meg

Sun Jan 28 22:05:50 2018

