Command line:
   two_bit_adder_top_isim_beh.exe
     -simmode  gui
     -simrunnum  0
     -socket  44423

Sun Jan 28 22:07:01 2018


 Elaboration Time: 0.02 sec

 Current Memory Usage: 196.248 Meg

 Total Signals          : 30
 Total Nets             : 22
 Total Signal Drivers   : 12
 Total Blocks           : 5
 Total Primitive Blocks : 3
 Total Processes        : 15
 Total Traceable Variables  : 20
 Total Scalar Nets and Variables : 106
Total Line Count : 32

 Total Simulation Time: 0.03 sec

 Current Memory Usage: 271.749 Meg

Sun Jan 28 22:07:22 2018

