Running: /opt/Xilinx/14.7/ISE_DS/ISE/bin/lin64/unwrapped/fuse -intstyle ise -incremental -lib unisims_ver -lib unimacro_ver -lib xilinxcorelib_ver -o /media/ubermensch/AMAN_14072/cs220/codes/lab_21/seven_bt_adder_isim_beh.exe -prj /media/ubermensch/AMAN_14072/cs220/codes/lab_21/seven_bt_adder_beh.prj work.seven_bt_adder work.glbl 
ISim P.20131013 (signature 0xfbc00daa)
Number of CPUs detected in this system: 4
Turning on mult-threading, number of parallel sub-compilation jobs: 8 
Determining compilation order of HDL files
Analyzing Verilog file "/media/ubermensch/AMAN_14072/cs220/codes/lab_21/full_adder.v" into library work
Analyzing Verilog file "/media/ubermensch/AMAN_14072/cs220/codes/lab_21/seven_bit_adder.v" into library work
Analyzing Verilog file "/opt/Xilinx/14.7/ISE_DS/ISE//verilog/src/glbl.v" into library work
Starting static elaboration
Completed static elaboration
Fuse Memory Usage: 94672 KB
Fuse CPU Usage: 1300 ms
Compiling module full_adder
Compiling module seven_bt_adder
Compiling module glbl
Time Resolution for simulation is 1ps.
Waiting for 1 sub-compilation(s) to finish...
Compiled 3 Verilog Units
Built simulation executable /media/ubermensch/AMAN_14072/cs220/codes/lab_21/seven_bt_adder_isim_beh.exe
Fuse Memory Usage: 654856 KB
Fuse CPU Usage: 1300 ms
GCC CPU Usage: 240 ms
